<?xml version="1.0" encoding="UTF-8"?>
<testsuite name="workshop05code.AppTest" tests="1" skipped="0" failures="0" errors="0" timestamp="2025-03-25T03:26:51" hostname="MAXWELLSLAPTOP" time="0.013">
  <properties/>
  <testcase name="appHasAGreeting()" classname="workshop05code.AppTest" time="0.013"/>
  <system-out><![CDATA[]]></system-out>
  <system-err><![CDATA[]]></system-err>
</testsuite>
